<?xml version="1.0" encoding="UTF-8"?>
<testng-results skipped="0" failed="0" total="2" passed="2">
  <reporter-output>
  </reporter-output>
  <suite name="Default suite" duration-ms="121663" started-at="2015-04-16T09:20:29Z" finished-at="2015-04-16T09:22:31Z">
    <groups>
    </groups>
    <test name="Default test" duration-ms="121663" started-at="2015-04-16T09:20:29Z" finished-at="2015-04-16T09:22:31Z">
      <class name="com.mobileauto.test.SelendroidCapabilitiesTest">
        <test-method status="PASS" signature="APKTest()[pri:0, instance:com.mobileauto.test.SelendroidCapabilitiesTest@2d6d8735]" name="APKTest" duration-ms="31254" started-at="2015-04-16T14:50:29Z" finished-at="2015-04-16T14:51:01Z">
          <reporter-output>
          </reporter-output>
        </test-method> <!-- APKTest -->
        <test-method status="PASS" signature="MobileWeb()[pri:0, instance:com.mobileauto.test.SelendroidCapabilitiesTest@2d6d8735]" name="MobileWeb" duration-ms="90384" started-at="2015-04-16T14:51:01Z" finished-at="2015-04-16T14:52:31Z">
          <reporter-output>
          </reporter-output>
        </test-method> <!-- MobileWeb -->
      </class> <!-- com.mobileauto.test.SelendroidCapabilitiesTest -->
    </test> <!-- Default test -->
  </suite> <!-- Default suite -->
</testng-results>
